#
# A fatal error has been detected by the Java Runtime Environment:
#
#  EXCEPTION_ACCESS_VIOLATION (0xc0000005) at pc=0x000000005a6c7402, pid=9388, tid=0x00000000000000d4
#
# JRE version: Java(TM) SE Runtime Environment (8.0_181-b13) (build 1.8.0_181-b13)
# Java VM: Java HotSpot(TM) 64-Bit Server VM (25.181-b13 mixed mode windows-amd64 compressed oops)
# Problematic frame:
# V  [jvm.dll+0x77402]
#
# Failed to write core dump. Minidumps are not enabled by default on client versions of Windows
#
# If you would like to submit a bug report, please visit:
#   http://bugreport.java.com/bugreport/crash.jsp
#

---------------  T H R E A D  ---------------

Current thread (0x00000000198a3000):  JavaThread "background-preinit" [_thread_in_vm, id=212, stack(0x000000001a920000,0x000000001aa20000)]

siginfo: ExceptionCode=0xc0000005, reading address 0x0000000046e3a200

Registers:
RAX=0x0000000002564d00, RBX=0x0000000046e3a200, RCX=0x0000000002562a10, RDX=0x000000000000132c
RSP=0x000000001aa17620, RBP=0x000000006d9ba0a9, RSI=0x000000001aa17720, RDI=0x0000000000000002
R8 =0x0000000019a31cf0, R9 =0x000000000000003b, R10=0x000000005a650000, R11=0x000000006d9ba0a9
R12=0x000000000000003b, R13=0x0000000019a31cf0, R14=0x0000000002562a10, R15=0x0000000019a31cf0
RIP=0x000000005a6c7402, EFLAGS=0x0000000000010202

Top of Stack: (sp=0x000000001aa17620)
0x000000001aa17620:   000000001aa17760 000000001aa177e0
0x000000001aa17630:   000000001aa177a0 ffffffffffffffe0
0x000000001aa17640:   00000000000003d8 00000000000003d8
0x000000001aa17650:   000000001aa17e40 000000005a6c74f4
0x000000001aa17660:   000000000000003b 000000001aa177a0
0x000000001aa17670:   000000001aa17720 0000000019a31cf0
0x000000001aa17680:   000000006d9ba0a9 000000001aa17e40
0x000000001aa17690:   000000000000003b 000000005a6a4a09
0x000000001aa176a0:   000000000000003b 00000000198a3000
0x000000001aa176b0:   000000001aa177a0 00000000198a3000
0x000000001aa176c0:   000000001aa177e0 000000001aa177a0
0x000000001aa176d0:   000000001aa177c0 00000000198a3000
0x000000001aa176e0:   0000000019993b00 000003f600000006
0x000000001aa176f0:   000000000000f503 0000000019a2a190
0x000000001aa17700:   0000000019a36456 0000000019a31d2b
0x000000001aa17710:   000000001aa18200 000000001aa18600 

Instructions: (pc=0x000000005a6c7402)
0x000000005a6c73e2:   48 63 d2 33 ff 48 8b 1c d0 45 8b e1 4d 8b e8 4c
0x000000005a6c73f2:   8b f1 48 85 db 74 4a 8b 6c 24 60 0f 1f 00 ff c7
0x000000005a6c7402:   39 2b 75 16 48 8b 73 10 45 8b c4 49 8b d5 48 8b
0x000000005a6c7412:   ce e8 48 49 0c 00 84 c0 75 48 48 8b 5b 08 48 83 


Register to memory mapping:

RAX=0x0000000002564d00 is an unknown value
RBX=0x0000000046e3a200 is an unknown value
RCX=0x0000000002562a10 is an unknown value
RDX=0x000000000000132c is an unknown value
RSP=0x000000001aa17620 is pointing into the stack for thread: 0x00000000198a3000
RBP=0x000000006d9ba0a9 is an unknown value
RSI=0x000000001aa17720 is pointing into the stack for thread: 0x00000000198a3000
RDI=0x0000000000000002 is an unknown value
R8 =0x0000000019a31cf0 is an unknown value
R9 =0x000000000000003b is an unknown value
R10=0x000000005a650000 is an unknown value
R11=0x000000006d9ba0a9 is an unknown value
R12=0x000000000000003b is an unknown value
R13=0x0000000019a31cf0 is an unknown value
R14=0x0000000002562a10 is an unknown value
R15=0x0000000019a31cf0 is an unknown value


Stack: [0x000000001a920000,0x000000001aa20000],  sp=0x000000001aa17620,  free space=989k
Native frames: (J=compiled Java code, j=interpreted, Vv=VM code, C=native code)
V  [jvm.dll+0x77402]
V  [jvm.dll+0x774f4]
V  [jvm.dll+0x54a09]
V  [jvm.dll+0x54e09]
V  [jvm.dll+0x5d1b0]
V  [jvm.dll+0x7cd54]
V  [jvm.dll+0x192a01]
V  [jvm.dll+0x192d9b]
C  [java.dll+0x1ead]
C  0x00000000028b549d

Java frames: (J=compiled Java code, j=interpreted, Vv=VM code)
J 921  java.lang.ClassLoader.defineClass1(Ljava/lang/String;[BIILjava/security/ProtectionDomain;Ljava/lang/String;)Ljava/lang/Class; (0 bytes) @ 0x00000000028b541f [0x00000000028b5380+0x9f]
J 785 C1 java.lang.ClassLoader.defineClass(Ljava/lang/String;[BIILjava/security/ProtectionDomain;)Ljava/lang/Class; (43 bytes) @ 0x000000000287b2dc [0x000000000287b1e0+0xfc]
J 858 C1 java.net.URLClassLoader.defineClass(Ljava/lang/String;Lsun/misc/Resource;)Ljava/lang/Class; (142 bytes) @ 0x000000000289658c [0x0000000002895bc0+0x9cc]
J 714 C1 java.net.URLClassLoader$1.run()Ljava/lang/Class; (63 bytes) @ 0x00000000028601b4 [0x0000000002860100+0xb4]
J 713 C1 java.net.URLClassLoader$1.run()Ljava/lang/Object; (5 bytes) @ 0x000000000285fdd4 [0x000000000285fda0+0x34]
v  ~StubRoutines::call_stub
J 565  java.security.AccessController.doPrivileged(Ljava/security/PrivilegedExceptionAction;Ljava/security/AccessControlContext;)Ljava/lang/Object; (0 bytes) @ 0x0000000002814966 [0x0000000002814900+0x66]
J 677 C1 java.net.URLClassLoader.findClass(Ljava/lang/String;)Ljava/lang/Class; (47 bytes) @ 0x000000000284cdf4 [0x000000000284cd40+0xb4]
J 550 C1 java.lang.ClassLoader.loadClass(Ljava/lang/String;Z)Ljava/lang/Class; (122 bytes) @ 0x000000000280f2a4 [0x000000000280efa0+0x304]
J 641 C1 sun.misc.Launcher$AppClassLoader.loadClass(Ljava/lang/String;Z)Ljava/lang/Class; (85 bytes) @ 0x0000000002835844 [0x0000000002835560+0x2e4]
J 638 C1 java.lang.ClassLoader.loadClass(Ljava/lang/String;)Ljava/lang/Class; (7 bytes) @ 0x0000000002834f64 [0x0000000002834f20+0x44]
v  ~StubRoutines::call_stub
J 921  java.lang.ClassLoader.defineClass1(Ljava/lang/String;[BIILjava/security/ProtectionDomain;Ljava/lang/String;)Ljava/lang/Class; (0 bytes) @ 0x00000000028b541f [0x00000000028b5380+0x9f]
J 785 C1 java.lang.ClassLoader.defineClass(Ljava/lang/String;[BIILjava/security/ProtectionDomain;)Ljava/lang/Class; (43 bytes) @ 0x000000000287b2dc [0x000000000287b1e0+0xfc]
J 858 C1 java.net.URLClassLoader.defineClass(Ljava/lang/String;Lsun/misc/Resource;)Ljava/lang/Class; (142 bytes) @ 0x000000000289658c [0x0000000002895bc0+0x9cc]
J 714 C1 java.net.URLClassLoader$1.run()Ljava/lang/Class; (63 bytes) @ 0x00000000028601b4 [0x0000000002860100+0xb4]
J 713 C1 java.net.URLClassLoader$1.run()Ljava/lang/Object; (5 bytes) @ 0x000000000285fdd4 [0x000000000285fda0+0x34]
v  ~StubRoutines::call_stub
J 565  java.security.AccessController.doPrivileged(Ljava/security/PrivilegedExceptionAction;Ljava/security/AccessControlContext;)Ljava/lang/Object; (0 bytes) @ 0x0000000002814966 [0x0000000002814900+0x66]
J 677 C1 java.net.URLClassLoader.findClass(Ljava/lang/String;)Ljava/lang/Class; (47 bytes) @ 0x000000000284cdf4 [0x000000000284cd40+0xb4]
J 550 C1 java.lang.ClassLoader.loadClass(Ljava/lang/String;Z)Ljava/lang/Class; (122 bytes) @ 0x000000000280f2a4 [0x000000000280efa0+0x304]
J 641 C1 sun.misc.Launcher$AppClassLoader.loadClass(Ljava/lang/String;Z)Ljava/lang/Class; (85 bytes) @ 0x0000000002835844 [0x0000000002835560+0x2e4]
J 638 C1 java.lang.ClassLoader.loadClass(Ljava/lang/String;)Ljava/lang/Class; (7 bytes) @ 0x0000000002834f64 [0x0000000002834f20+0x44]
v  ~StubRoutines::call_stub
J 921  java.lang.ClassLoader.defineClass1(Ljava/lang/String;[BIILjava/security/ProtectionDomain;Ljava/lang/String;)Ljava/lang/Class; (0 bytes) @ 0x00000000028b541f [0x00000000028b5380+0x9f]
J 785 C1 java.lang.ClassLoader.defineClass(Ljava/lang/String;[BIILjava/security/ProtectionDomain;)Ljava/lang/Class; (43 bytes) @ 0x000000000287b2dc [0x000000000287b1e0+0xfc]
J 858 C1 java.net.URLClassLoader.defineClass(Ljava/lang/String;Lsun/misc/Resource;)Ljava/lang/Class; (142 bytes) @ 0x000000000289658c [0x0000000002895bc0+0x9cc]
J 714 C1 java.net.URLClassLoader$1.run()Ljava/lang/Class; (63 bytes) @ 0x00000000028601b4 [0x0000000002860100+0xb4]
J 713 C1 java.net.URLClassLoader$1.run()Ljava/lang/Object; (5 bytes) @ 0x000000000285fdd4 [0x000000000285fda0+0x34]
v  ~StubRoutines::call_stub
J 565  java.security.AccessController.doPrivileged(Ljava/security/PrivilegedExceptionAction;Ljava/security/AccessControlContext;)Ljava/lang/Object; (0 bytes) @ 0x0000000002814966 [0x0000000002814900+0x66]
J 677 C1 java.net.URLClassLoader.findClass(Ljava/lang/String;)Ljava/lang/Class; (47 bytes) @ 0x000000000284cdf4 [0x000000000284cd40+0xb4]
J 550 C1 java.lang.ClassLoader.loadClass(Ljava/lang/String;Z)Ljava/lang/Class; (122 bytes) @ 0x000000000280f2a4 [0x000000000280efa0+0x304]
J 641 C1 sun.misc.Launcher$AppClassLoader.loadClass(Ljava/lang/String;Z)Ljava/lang/Class; (85 bytes) @ 0x0000000002835844 [0x0000000002835560+0x2e4]
J 638 C1 java.lang.ClassLoader.loadClass(Ljava/lang/String;)Ljava/lang/Class; (7 bytes) @ 0x0000000002834f64 [0x0000000002834f20+0x44]
v  ~StubRoutines::call_stub
j  com.fasterxml.jackson.databind.ObjectMapper.<init>(Lcom/fasterxml/jackson/core/JsonFactory;Lcom/fasterxml/jackson/databind/ser/DefaultSerializerProvider;Lcom/fasterxml/jackson/databind/deser/DefaultDeserializationContext;)V+235
j  com.fasterxml.jackson.databind.ObjectMapper.<init>()V+4
j  org.springframework.http.converter.json.Jackson2ObjectMapperBuilder.build()Lcom/fasterxml/jackson/databind/ObjectMapper;+83
j  org.springframework.http.converter.json.MappingJackson2HttpMessageConverter.<init>()V+4
j  org.springframework.http.converter.support.AllEncompassingFormHttpMessageConverter.<init>()V+53
j  org.springframework.boot.autoconfigure.BackgroundPreinitializer$MessageConverterInitializer.run()V+4
j  org.springframework.boot.autoconfigure.BackgroundPreinitializer$1.runSafely(Ljava/lang/Runnable;)V+1
j  org.springframework.boot.autoconfigure.BackgroundPreinitializer$1.run()V+33
j  java.lang.Thread.run()V+11
v  ~StubRoutines::call_stub

---------------  P R O C E S S  ---------------

Java Threads: ( => current thread )
=>0x00000000198a3000 JavaThread "background-preinit" [_thread_in_vm, id=212, stack(0x000000001a920000,0x000000001aa20000)]
  0x00000000197c1000 JavaThread "restartedMain" [_thread_in_Java, id=3944, stack(0x000000001a620000,0x000000001a720000)]
  0x0000000018aef000 JavaThread "Thread-1" [_thread_blocked, id=1760, stack(0x000000001a520000,0x000000001a620000)]
  0x00000000195fe000 JavaThread "RMI TCP Connection(2)-127.0.0.1" daemon [_thread_in_native, id=12936, stack(0x000000001a220000,0x000000001a320000)]
  0x0000000019601000 JavaThread "RMI Scheduler(0)" daemon [_thread_blocked, id=6476, stack(0x0000000019fe0000,0x000000001a0e0000)]
  0x00000000195d5000 JavaThread "RMI TCP Connection(1)-127.0.0.1" daemon [_thread_in_native, id=9176, stack(0x0000000019ee0000,0x0000000019fe0000)]
  0x00000000195bc000 JavaThread "RMI TCP Accept-0" daemon [_thread_in_native, id=5720, stack(0x0000000019ce0000,0x0000000019de0000)]
  0x00000000195b6800 JavaThread "RMI TCP Accept-50468" daemon [_thread_in_native, id=9620, stack(0x0000000019be0000,0x0000000019ce0000)]
  0x00000000195a6800 JavaThread "RMI TCP Accept-0" daemon [_thread_in_native, id=988, stack(0x0000000019ae0000,0x0000000019be0000)]
  0x00000000188b1000 JavaThread "Service Thread" daemon [_thread_blocked, id=2524, stack(0x0000000018ea0000,0x0000000018fa0000)]
  0x00000000188ab800 JavaThread "C1 CompilerThread2" daemon [_thread_blocked, id=768, stack(0x0000000018da0000,0x0000000018ea0000)]
  0x000000001718c000 JavaThread "C2 CompilerThread1" daemon [_thread_blocked, id=3000, stack(0x0000000018ca0000,0x0000000018da0000)]
  0x0000000017139000 JavaThread "C2 CompilerThread0" daemon [_thread_blocked, id=6860, stack(0x00000000187a0000,0x00000000188a0000)]
  0x0000000017138000 JavaThread "Attach Listener" daemon [_thread_blocked, id=6748, stack(0x00000000186a0000,0x00000000187a0000)]
  0x0000000017137000 JavaThread "Signal Dispatcher" daemon [_thread_blocked, id=8900, stack(0x00000000185a0000,0x00000000186a0000)]
  0x0000000017120800 JavaThread "Finalizer" daemon [_thread_blocked, id=6424, stack(0x00000000183a0000,0x00000000184a0000)]
  0x0000000002637000 JavaThread "Reference Handler" daemon [_thread_blocked, id=3420, stack(0x00000000182a0000,0x00000000183a0000)]
  0x0000000002547000 JavaThread "main" [_thread_blocked, id=9968, stack(0x0000000002440000,0x0000000002540000)]

Other Threads:
  0x00000000170f7000 VMThread [stack: 0x00000000181a0000,0x00000000182a0000] [id=8932]
  0x00000000195bd800 WatcherThread [stack: 0x0000000019de0000,0x0000000019ee0000] [id=8624]

VM state:not at safepoint (normal execution)

VM Mutex/Monitor currently owned by a thread: None

Heap:
 PSYoungGen      total 70656K, used 56543K [0x00000000d6000000, 0x00000000daa00000, 0x0000000100000000)
  eden space 65536K, 81% used [0x00000000d6000000,0x00000000d9431628,0x00000000da000000)
  from space 5120K, 60% used [0x00000000da500000,0x00000000da8065f8,0x00000000daa00000)
  to   space 5120K, 0% used [0x00000000da000000,0x00000000da000000,0x00000000da500000)
 ParOldGen       total 86016K, used 16K [0x0000000082000000, 0x0000000087400000, 0x00000000d6000000)
  object space 86016K, 0% used [0x0000000082000000,0x0000000082004000,0x0000000087400000)
 Metaspace       used 15790K, capacity 16332K, committed 16512K, reserved 1062912K
  class space    used 2019K, capacity 2169K, committed 2176K, reserved 1048576K

Card table byte_map: [0x0000000011a00000,0x0000000011e00000] byte_map_base: 0x00000000115f0000

Marking Bits: (ParMarkBitMap*) 0x000000005ae72d00
 Begin Bits: [0x00000000124a0000, 0x0000000014420000)
 End Bits:   [0x0000000014420000, 0x00000000163a0000)

Polling page: 0x00000000009e0000

CodeCache: size=245760Kb used=3016Kb max_used=3016Kb free=242744Kb
 bounds [0x0000000002640000, 0x0000000002940000, 0x0000000011640000]
 total_blobs=1691 nmethods=1314 adapters=289
 compilation: enabled

Compilation events (10 events):
Event: 4.137 Thread 0x00000000188ab800 1283       1       java.lang.invoke.InfoFromMemberName::getReferenceKind (5 bytes)
Event: 4.137 Thread 0x00000000188ab800 nmethod 1283 0x0000000002928b10 code [0x0000000002928c60, 0x0000000002928d70]
Event: 4.137 Thread 0x00000000188ab800 1284       1       java.lang.invoke.InnerClassLambdaMetafactory::access$200 (5 bytes)
Event: 4.137 Thread 0x00000000188ab800 nmethod 1284 0x0000000002928dd0 code [0x0000000002928f20, 0x0000000002929010]
Event: 4.152 Thread 0x00000000188ab800 1285       1       java.lang.invoke.MethodHandles$Lookup::checkSecurityManager (87 bytes)
Event: 4.153 Thread 0x00000000188ab800 nmethod 1285 0x0000000002929090 code [0x00000000029292a0, 0x00000000029297d8]
Event: 4.153 Thread 0x00000000188ab800 1287       1       org.springframework.boot.context.properties.source.SpringIterableConfigurationPropertySource::getMappings (23 bytes)
Event: 4.153 Thread 0x00000000188ab800 nmethod 1287 0x0000000002929c90 code [0x0000000002929e00, 0x000000000292a048]
Event: 4.153 Thread 0x00000000188ab800 1286       1       ch.qos.logback.classic.util.ContextSelectorStaticBinder::getContextSelector (5 bytes)
Event: 4.154 Thread 0x00000000188ab800 nmethod 1286 0x000000000292a1d0 code [0x000000000292a320, 0x000000000292a430]

GC Heap History (4 events):
Event: 2.450 GC heap before
{Heap before GC invocations=1 (full 0):
 PSYoungGen      total 37888K, used 32760K [0x00000000d6000000, 0x00000000d8a00000, 0x0000000100000000)
  eden space 32768K, 99% used [0x00000000d6000000,0x00000000d7ffe050,0x00000000d8000000)
  from space 5120K, 0% used [0x00000000d8500000,0x00000000d8500000,0x00000000d8a00000)
  to   space 5120K, 0% used [0x00000000d8000000,0x00000000d8000000,0x00000000d8500000)
 ParOldGen       total 86016K, used 0K [0x0000000082000000, 0x0000000087400000, 0x00000000d6000000)
  object space 86016K, 0% used [0x0000000082000000,0x0000000082000000,0x0000000087400000)
 Metaspace       used 10352K, capacity 10574K, committed 10880K, reserved 1058816K
  class space    used 1263K, capacity 1353K, committed 1408K, reserved 1048576K
Event: 2.479 GC heap after
Heap after GC invocations=1 (full 0):
 PSYoungGen      total 37888K, used 4295K [0x00000000d6000000, 0x00000000daa00000, 0x0000000100000000)
  eden space 32768K, 0% used [0x00000000d6000000,0x00000000d6000000,0x00000000d8000000)
  from space 5120K, 83% used [0x00000000d8000000,0x00000000d8431c78,0x00000000d8500000)
  to   space 5120K, 0% used [0x00000000da500000,0x00000000da500000,0x00000000daa00000)
 ParOldGen       total 86016K, used 8K [0x0000000082000000, 0x0000000087400000, 0x00000000d6000000)
  object space 86016K, 0% used [0x0000000082000000,0x0000000082002000,0x0000000087400000)
 Metaspace       used 10352K, capacity 10574K, committed 10880K, reserved 1058816K
  class space    used 1263K, capacity 1353K, committed 1408K, reserved 1048576K
}
Event: 2.556 GC heap before
{Heap before GC invocations=2 (full 0):
 PSYoungGen      total 37888K, used 37063K [0x00000000d6000000, 0x00000000daa00000, 0x0000000100000000)
  eden space 32768K, 100% used [0x00000000d6000000,0x00000000d8000000,0x00000000d8000000)
  from space 5120K, 83% used [0x00000000d8000000,0x00000000d8431c78,0x00000000d8500000)
  to   space 5120K, 0% used [0x00000000da500000,0x00000000da500000,0x00000000daa00000)
 ParOldGen       total 86016K, used 8K [0x0000000082000000, 0x0000000087400000, 0x00000000d6000000)
  object space 86016K, 0% used [0x0000000082000000,0x0000000082002000,0x0000000087400000)
 Metaspace       used 10358K, capacity 10574K, committed 10880K, reserved 1058816K
  class space    used 1263K, capacity 1353K, committed 1408K, reserved 1048576K
Event: 2.577 GC heap after
Heap after GC invocations=2 (full 0):
 PSYoungGen      total 70656K, used 3097K [0x00000000d6000000, 0x00000000daa00000, 0x0000000100000000)
  eden space 65536K, 0% used [0x00000000d6000000,0x00000000d6000000,0x00000000da000000)
  from space 5120K, 60% used [0x00000000da500000,0x00000000da8065f8,0x00000000daa00000)
  to   space 5120K, 0% used [0x00000000da000000,0x00000000da000000,0x00000000da500000)
 ParOldGen       total 86016K, used 16K [0x0000000082000000, 0x0000000087400000, 0x00000000d6000000)
  object space 86016K, 0% used [0x0000000082000000,0x0000000082004000,0x0000000087400000)
 Metaspace       used 10358K, capacity 10574K, committed 10880K, reserved 1058816K
  class space    used 1263K, capacity 1353K, committed 1408K, reserved 1048576K
}

Deoptimization events (0 events):
No events

Classes redefined (0 events):
No events

Internal exceptions (10 events):
Event: 4.124 Thread 0x00000000197c1000 Exception <a 'java/lang/ArrayIndexOutOfBoundsException'> (0x00000000d8d68d48) thrown at [C:\re\workspace\8-2-build-windows-amd64-cygwin\jdk8u181\11358\hotspot\src\share\vm\runtime\sharedRuntime.cpp, line 605]
Event: 4.124 Thread 0x00000000197c1000 Exception <a 'java/lang/ArrayIndexOutOfBoundsException'> (0x00000000d8d69e00) thrown at [C:\re\workspace\8-2-build-windows-amd64-cygwin\jdk8u181\11358\hotspot\src\share\vm\runtime\sharedRuntime.cpp, line 605]
Event: 4.124 Thread 0x00000000197c1000 Exception <a 'java/lang/ArrayIndexOutOfBoundsException'> (0x00000000d8d6ca78) thrown at [C:\re\workspace\8-2-build-windows-amd64-cygwin\jdk8u181\11358\hotspot\src\share\vm\runtime\sharedRuntime.cpp, line 605]
Event: 4.125 Thread 0x00000000197c1000 Exception <a 'java/lang/ArrayIndexOutOfBoundsException'> (0x00000000d8dd6a60) thrown at [C:\re\workspace\8-2-build-windows-amd64-cygwin\jdk8u181\11358\hotspot\src\share\vm\runtime\sharedRuntime.cpp, line 605]
Event: 4.126 Thread 0x00000000197c1000 Exception <a 'java/lang/ArrayIndexOutOfBoundsException'> (0x00000000d8de7838) thrown at [C:\re\workspace\8-2-build-windows-amd64-cygwin\jdk8u181\11358\hotspot\src\share\vm\runtime\sharedRuntime.cpp, line 605]
Event: 4.127 Thread 0x00000000197c1000 Exception <a 'java/lang/ArrayIndexOutOfBoundsException'> (0x00000000d8e001b0) thrown at [C:\re\workspace\8-2-build-windows-amd64-cygwin\jdk8u181\11358\hotspot\src\share\vm\runtime\sharedRuntime.cpp, line 605]
Event: 4.131 Thread 0x00000000197c1000 Exception <a 'java/lang/ArrayIndexOutOfBoundsException'> (0x00000000d8e89f58) thrown at [C:\re\workspace\8-2-build-windows-amd64-cygwin\jdk8u181\11358\hotspot\src\share\vm\runtime\sharedRuntime.cpp, line 605]
Event: 4.131 Thread 0x00000000197c1000 Exception <a 'java/lang/ArrayIndexOutOfBoundsException'> (0x00000000d8e9e288) thrown at [C:\re\workspace\8-2-build-windows-amd64-cygwin\jdk8u181\11358\hotspot\src\share\vm\runtime\sharedRuntime.cpp, line 605]
Event: 4.132 Thread 0x00000000197c1000 Exception <a 'java/lang/ArrayIndexOutOfBoundsException'> (0x00000000d8eabb30) thrown at [C:\re\workspace\8-2-build-windows-amd64-cygwin\jdk8u181\11358\hotspot\src\share\vm\runtime\sharedRuntime.cpp, line 605]
Event: 4.148 Thread 0x00000000197c1000 Exception <a 'java/lang/NoSuchMethodError': org.slf4j.impl.StaticMDCBinder.getSingleton()Lorg/slf4j/impl/StaticMDCBinder;> (0x00000000d8feba68) thrown at [C:\re\workspace\8-2-build-windows-amd64-cygwin\jdk8u181\11358\hotspot\src\share\vm\interpreter\linkR

Events (10 events):
Event: 4.181 loading class groovy/lang/MetaClass
Event: 4.181 loading class groovy/lang/MetaClass done
Event: 4.182 loading class groovy/lang$MetaClass
Event: 4.182 loading class groovy/lang$MetaClass done
Event: 4.182 loading class javax/inject/Named
Event: 4.182 loading class javax/inject/Named done
Event: 4.183 loading class javax/inject$Named
Event: 4.183 loading class javax/inject$Named done
Event: 4.183 loading class org/springframework/boot/BeanDefinitionLoader$ClassExcludeFilter
Event: 4.183 loading class org/springframework/boot/BeanDefinitionLoader$ClassExcludeFilter done


Dynamic libraries:
0x00007ff6c4e40000 - 0x00007ff6c4e77000 	C:\Program Files\Java\jdk1.8.0_181\bin\javaw.exe
0x00007ffde7430000 - 0x00007ffde761d000 	C:\Windows\SYSTEM32\ntdll.dll
0x00007ffde4c20000 - 0x00007ffde4cd3000 	C:\Windows\System32\KERNEL32.DLL
0x00007ffde42a0000 - 0x00007ffde4535000 	C:\Windows\System32\KERNELBASE.dll
0x00007ffde52e0000 - 0x00007ffde5383000 	C:\Windows\System32\ADVAPI32.dll
0x00007ffde6c40000 - 0x00007ffde6cde000 	C:\Windows\System32\msvcrt.dll
0x00007ffde4780000 - 0x00007ffde481e000 	C:\Windows\System32\sechost.dll
0x00007ffde72d0000 - 0x00007ffde73f2000 	C:\Windows\System32\RPCRT4.dll
0x00007ffde4ce0000 - 0x00007ffde4e77000 	C:\Windows\System32\USER32.dll
0x00007ffde4200000 - 0x00007ffde4220000 	C:\Windows\System32\win32u.dll
0x00007ffde6dc0000 - 0x00007ffde6de9000 	C:\Windows\System32\GDI32.dll
0x00007ffde3d00000 - 0x00007ffde3e9c000 	C:\Windows\System32\gdi32full.dll
0x00007ffde34e0000 - 0x00007ffde3580000 	C:\Windows\System32\msvcp_win.dll
0x00007ffde3ea0000 - 0x00007ffde3f9a000 	C:\Windows\System32\ucrtbase.dll
0x00007ffdd3a40000 - 0x00007ffdd3cb9000 	C:\Windows\WinSxS\amd64_microsoft.windows.common-controls_6595b64144ccf1df_6.0.17763.1577_none_de7444545348a3d0\COMCTL32.dll
0x00007ffde4820000 - 0x00007ffde4b4d000 	C:\Windows\System32\combase.dll
0x00007ffde4220000 - 0x00007ffde429e000 	C:\Windows\System32\bcryptPrimitives.dll
0x00007ffde6d90000 - 0x00007ffde6dbe000 	C:\Windows\System32\IMM32.DLL
0x000000005af00000 - 0x000000005afd2000 	C:\Program Files\Java\jdk1.8.0_181\jre\bin\msvcr100.dll
0x000000005a650000 - 0x000000005aef2000 	C:\Program Files\Java\jdk1.8.0_181\jre\bin\server\jvm.dll
0x00007ffde5170000 - 0x00007ffde5178000 	C:\Windows\System32\PSAPI.DLL
0x00007ffdd1880000 - 0x00007ffdd1889000 	C:\Windows\SYSTEM32\WSOCK32.dll
0x00007ffde4ee0000 - 0x00007ffde4f4d000 	C:\Windows\System32\WS2_32.dll
0x00007ffddf080000 - 0x00007ffddf0a4000 	C:\Windows\SYSTEM32\WINMM.dll
0x00007ffdd4b00000 - 0x00007ffdd4b0a000 	C:\Windows\SYSTEM32\VERSION.dll
0x00007ffddf050000 - 0x00007ffddf07d000 	C:\Windows\SYSTEM32\WINMMBASE.dll
0x00007ffde4180000 - 0x00007ffde41ca000 	C:\Windows\System32\cfgmgr32.dll
0x000000005a640000 - 0x000000005a64f000 	C:\Program Files\Java\jdk1.8.0_181\jre\bin\verify.dll
0x000000005a610000 - 0x000000005a639000 	C:\Program Files\Java\jdk1.8.0_181\jre\bin\java.dll
0x000000005a5f0000 - 0x000000005a606000 	C:\Program Files\Java\jdk1.8.0_181\jre\bin\zip.dll
0x00007ffde55d0000 - 0x00007ffde6ac9000 	C:\Windows\System32\SHELL32.dll
0x00007ffde6ce0000 - 0x00007ffde6d88000 	C:\Windows\System32\shcore.dll
0x00007ffde3580000 - 0x00007ffde3cd3000 	C:\Windows\System32\windows.storage.dll
0x00007ffde3490000 - 0x00007ffde34b4000 	C:\Windows\System32\profapi.dll
0x00007ffde3430000 - 0x00007ffde348d000 	C:\Windows\System32\powrprof.dll
0x00007ffde4e80000 - 0x00007ffde4ed2000 	C:\Windows\System32\shlwapi.dll
0x00007ffde3410000 - 0x00007ffde3421000 	C:\Windows\System32\kernel.appcore.dll
0x00007ffde3ce0000 - 0x00007ffde3cf7000 	C:\Windows\System32\cryptsp.dll
0x000000005a5e0000 - 0x000000005a5ed000 	C:\Program Files\Java\jdk1.8.0_181\jre\bin\management.dll
0x000000005a5c0000 - 0x000000005a5da000 	C:\Program Files\Java\jdk1.8.0_181\jre\bin\net.dll
0x00007ffde2c80000 - 0x00007ffde2ce7000 	C:\Windows\system32\mswsock.dll
0x000000005a5a0000 - 0x000000005a5b1000 	C:\Program Files\Java\jdk1.8.0_181\jre\bin\nio.dll
0x00007ffdbea50000 - 0x00007ffdbea66000 	C:\Windows\system32\napinsp.dll
0x00007ffdbd3c0000 - 0x00007ffdbd3da000 	C:\Windows\system32\pnrpnsp.dll
0x00007ffde29e0000 - 0x00007ffde2aa6000 	C:\Windows\SYSTEM32\DNSAPI.dll
0x00007ffde5100000 - 0x00007ffde5108000 	C:\Windows\System32\NSI.dll
0x00007ffde29a0000 - 0x00007ffde29dd000 	C:\Windows\SYSTEM32\IPHLPAPI.DLL
0x00007ffdbd3b0000 - 0x00007ffdbd3be000 	C:\Windows\System32\winrnr.dll
0x00007ffddee80000 - 0x00007ffddee9b000 	C:\Windows\system32\NLAapi.dll
0x00007ffdbd390000 - 0x00007ffdbd3a5000 	C:\Windows\system32\wshbth.dll
0x00007ffdd6460000 - 0x00007ffdd646a000 	C:\Windows\System32\rasadhlp.dll
0x00007ffdd7270000 - 0x00007ffdd72e9000 	C:\Windows\System32\fwpuclnt.dll
0x00007ffde41d0000 - 0x00007ffde41f6000 	C:\Windows\System32\bcrypt.dll
0x00007ffde2800000 - 0x00007ffde2833000 	C:\Windows\system32\rsaenh.dll
0x00007ffde3310000 - 0x00007ffde3339000 	C:\Windows\SYSTEM32\USERENV.dll
0x00007ffde2e50000 - 0x00007ffde2e5c000 	C:\Windows\SYSTEM32\CRYPTBASE.dll
0x00007ffdd7570000 - 0x00007ffdd7586000 	C:\Windows\SYSTEM32\dhcpcsvc6.DLL
0x00007ffdd7b30000 - 0x00007ffdd7b4c000 	C:\Windows\SYSTEM32\dhcpcsvc.DLL
0x00007ffde1d50000 - 0x00007ffde1f3d000 	C:\Windows\SYSTEM32\dbghelp.dll

VM Arguments:
jvm_args: -Dcom.sun.management.jmxremote -Dcom.sun.management.jmxremote.port=50468 -Dcom.sun.management.jmxremote.authenticate=false -Dcom.sun.management.jmxremote.ssl=false -Djava.rmi.server.hostname=localhost -Dspring.jmx.enabled=true -Dspring.application.admin.enabled=true -Xverify:none -XX:TieredStopAtLevel=1 -Dspring.boot.project.name=duan2 -Dfile.encoding=UTF-8 
java_command: com.example.demo.Duan2Application
java_class_path (initial): C:\Users\ABC\Desktop\DuAnTotNghiep\target\classes;C:\Users\ABC\.m2\repository\org\springframework\boot\spring-boot-starter-data-jpa\2.3.5.RELEASE\spring-boot-starter-data-jpa-2.3.5.RELEASE.jar;C:\Users\ABC\.m2\repository\org\springframework\boot\spring-boot-starter-aop\2.3.5.RELEASE\spring-boot-starter-aop-2.3.5.RELEASE.jar;C:\Users\ABC\.m2\repository\org\aspectj\aspectjweaver\1.9.6\aspectjweaver-1.9.6.jar;C:\Users\ABC\.m2\repository\org\springframework\boot\spring-boot-starter-jdbc\2.3.5.RELEASE\spring-boot-starter-jdbc-2.3.5.RELEASE.jar;C:\Users\ABC\.m2\repository\com\zaxxer\HikariCP\3.4.5\HikariCP-3.4.5.jar;C:\Users\ABC\.m2\repository\org\springframework\spring-jdbc\5.2.10.RELEASE\spring-jdbc-5.2.10.RELEASE.jar;C:\Users\ABC\.m2\repository\jakarta\transaction\jakarta.transaction-api\1.3.3\jakarta.transaction-api-1.3.3.jar;C:\Users\ABC\.m2\repository\jakarta\persistence\jakarta.persistence-api\2.2.3\jakarta.persistence-api-2.2.3.jar;C:\Users\ABC\.m2\repository\org\hibernate\hibernate-core\5.4.22.Final\hibernate-core-5.4.22.Final.jar;C:\Users\ABC\.m2\repository\org\jboss\logging\jboss-logging\3.4.1.Final\jboss-logging-3.4.1.Final.jar;C:\Users\ABC\.m2\repository\org\javassist\javassist\3.24.0-GA\javassist-3.24.0-GA.jar;C:\Users\ABC\.m2\repository\net\bytebuddy\byte-buddy\1.10.17\byte-buddy-1.10.17.jar;C:\Users\ABC\.m2\repository\antlr\antlr\2.7.7\antlr-2.7.7.jar;C:\Users\ABC\.m2\repository\org\jboss\jandex\2.1.3.Final\jandex-2.1.3.Final.jar;C:\Users\ABC\.m2\repository\com\fasterxml\classmate\1.5.1\classmate-1.5.1.jar;C:\Users\ABC\.m2\repository\org\dom4j\dom4j\2.1.3\dom4j-2.1.3.jar;C:\Users\ABC\.m2\repository\org\hibernate\common\hibernate-commons-annotations\5.1.0.Final\hibernate-commons-annotations-5.1.0.Final.jar;C:\Users\ABC\.m2\repository\org\glassfish\jaxb\jaxb-runtime\2.3.3\jaxb-runtime-2.3.3.jar;C:\Users\ABC\.m2\repository\org\glassfish\jaxb\txw2\2.3.3\txw2-2.3.3.jar;C:\Users\ABC\.m2\repository\com\sun\istack\istack-commons-runtim
Launcher Type: SUN_STANDARD

Environment Variables:
JAVA_HOME=C:\Program Files\Java\jdk1.8.0_181
JRE_HOME=C:\Program Files\Java\jre1.8.0_181
CLASSPATH=%CLASSPATH%;F:\Kho phim\Junit4\junit-4.13.jar;.;
PATH=C:/Users/ABC/.p2/pool/plugins/org.eclipse.justj.openjdk.hotspot.jre.full.win32.x86_64_14.0.2.v20200815-0932/jre/bin/server;C:/Users/ABC/.p2/pool/plugins/org.eclipse.justj.openjdk.hotspot.jre.full.win32.x86_64_14.0.2.v20200815-0932/jre/bin;C:\Program Files (x86)\Common Files\Oracle\Java\javapath;C:\App\db_home\bin;C:\Windows\system32;C:\Windows;C:\Windows\System32\Wbem;C:\Windows\System32\WindowsPowerShell\v1.0\;C:\Windows\System32\OpenSSH\;C:\Program Files\Microsoft SQL Server\Client SDK\ODBC\130\Tools\Binn\;C:\Program Files\dotnet\;"C:\Program Files\Microsoft SQL Server\Client SDK\ODBC\170\Tools\Binn\C:\Program Files\Java\jdk1.8.0_181\bin;.;";C:\Program Files\Java\jdk1.8.0_181\Bin;C:\Program Files\TortoiseGit\bin;"C:\Users\username\algs4\algs4.jar;";C:\Program Files\nodejs\;C:\Program Files\Microsoft SQL Server\Client SDK\ODBC\170\Tools\Binn\;C:\Program Files (x86)\Microsoft SQL Server\150\Tools\Binn\;C:\Program Files\Microsoft SQL Server\150\Tools\Binn\;C:\Program Files\Microsoft SQL Server\150\DTS\Binn\;C:\Program Files (x86)\Microsoft SQL Server\150\DTS\Binn\;C:\Program Files\apache-maven-3.6.3\bin;C:\Program Files (x86)\Calibre2\;C:\Program Files\Git\cmd;C:\Users\ABC\AppData\Local\Microsoft\WindowsApps;C:\Users\ABC\AppData\Local\Programs\Microsoft VS Code\bin;%IntelliJ IDEA Community Edition%;C:\Program Files\Java\jdk1.8.0_181\Bin;"C:\Users\username\algs4\algs4.jar;";C:\Users\username\algs4\java\bin;C:\Users\username\algs4\bin;C:\Users\username\algs4\stdlib.jar;C:\Users\ABC\AppData\Roaming\npm;C:\Users\ABC\Desktop;
USERNAME=ABC
OS=Windows_NT
PROCESSOR_IDENTIFIER=Intel64 Family 6 Model 142 Stepping 9, GenuineIntel



---------------  S Y S T E M  ---------------

OS: Windows 10.0 , 64 bit Build 17763 (10.0.17763.475)

CPU:total 4 (initial active 4) (2 cores per cpu, 2 threads per core) family 6 model 142 stepping 9, cmov, cx8, fxsr, mmx, sse, sse2, sse3, ssse3, sse4.1, sse4.2, popcnt, avx, avx2, aes, clmul, erms, 3dnowpref, lzcnt, ht, tsc, tscinvbit, bmi1, bmi2, adx

Memory: 4k page, physical 8251540k(2340448k free), swap 15067284k(6281108k free)

vm_info: Java HotSpot(TM) 64-Bit Server VM (25.181-b13) for windows-amd64 JRE (1.8.0_181-b13), built on Jul  7 2018 04:01:33 by "java_re" with MS VC++ 10.0 (VS2010)

time: Wed Nov 25 19:38:30 2020
elapsed time: 4 seconds (0d 0h 0m 4s)

